[--ERROR--] 2017-06-28 19:35:45,625 method:org.apache.curator.framework.imps.CuratorFrameworkImpl.logError(CuratorFrameworkImpl.java:566)
Background exception was not retry-able or retry gave up
java.net.UnknownHostException: h2m1: nodename nor servname provided, or not known
	at java.net.Inet6AddressImpl.lookupAllHostAddr(Native Method)
	at java.net.InetAddress$2.lookupAllHostAddr(InetAddress.java:928)
	at java.net.InetAddress.getAddressesFromNameService(InetAddress.java:1323)
	at java.net.InetAddress.getAllByName0(InetAddress.java:1276)
	at java.net.InetAddress.getAllByName(InetAddress.java:1192)
	at java.net.InetAddress.getAllByName(InetAddress.java:1126)
	at org.apache.zookeeper.client.StaticHostProvider.<init>(StaticHostProvider.java:61)
	at org.apache.zookeeper.ZooKeeper.<init>(ZooKeeper.java:445)
	at org.apache.curator.utils.DefaultZookeeperFactory.newZooKeeper(DefaultZookeeperFactory.java:29)
	at org.apache.curator.framework.imps.CuratorFrameworkImpl$2.newZooKeeper(CuratorFrameworkImpl.java:150)
	at org.apache.curator.HandleHolder$1.getZooKeeper(HandleHolder.java:94)
	at org.apache.curator.HandleHolder.getZooKeeper(HandleHolder.java:55)
	at org.apache.curator.ConnectionState.reset(ConnectionState.java:262)
	at org.apache.curator.ConnectionState.start(ConnectionState.java:109)
	at org.apache.curator.CuratorZookeeperClient.start(CuratorZookeeperClient.java:191)
	at org.apache.curator.framework.imps.CuratorFrameworkImpl.start(CuratorFrameworkImpl.java:259)
	at cn.followtry.zk.ZkClient.openSession(ZkClient.java:22)
	at cn.followtry.zk.ZkMainTest.main(ZkMainTest.java:15)
[--ERROR--] 2017-06-28 19:36:15,764 method:org.apache.curator.ConnectionState.checkTimeouts(ConnectionState.java:228)
Connection timed out for connection string (h2m1:2181,h2s1:2181,h2s2:2181) and timeout (30000) / elapsed (30171)
org.apache.curator.CuratorConnectionLossException: KeeperErrorCode = ConnectionLoss
	at org.apache.curator.ConnectionState.checkTimeouts(ConnectionState.java:225)
	at org.apache.curator.ConnectionState.getZooKeeper(ConnectionState.java:94)
	at org.apache.curator.CuratorZookeeperClient.getZooKeeper(CuratorZookeeperClient.java:117)
	at org.apache.curator.framework.imps.CuratorFrameworkImpl.getZooKeeper(CuratorFrameworkImpl.java:489)
	at org.apache.curator.framework.imps.GetDataBuilderImpl$4.call(GetDataBuilderImpl.java:310)
	at org.apache.curator.framework.imps.GetDataBuilderImpl$4.call(GetDataBuilderImpl.java:299)
	at org.apache.curator.RetryLoop.callWithRetry(RetryLoop.java:109)
	at org.apache.curator.framework.imps.GetDataBuilderImpl.pathInForeground(GetDataBuilderImpl.java:296)
	at org.apache.curator.framework.imps.GetDataBuilderImpl.forPath(GetDataBuilderImpl.java:287)
	at org.apache.curator.framework.imps.GetDataBuilderImpl.forPath(GetDataBuilderImpl.java:34)
	at cn.followtry.zk.ZkMainTest.main(ZkMainTest.java:19)
[--ERROR--] 2017-06-28 19:36:55,829 method:org.apache.curator.framework.imps.CuratorFrameworkImpl.logError(CuratorFrameworkImpl.java:566)
Background exception was not retry-able or retry gave up
java.net.UnknownHostException: localhsot: nodename nor servname provided, or not known
	at java.net.Inet6AddressImpl.lookupAllHostAddr(Native Method)
	at java.net.InetAddress$2.lookupAllHostAddr(InetAddress.java:928)
	at java.net.InetAddress.getAddressesFromNameService(InetAddress.java:1323)
	at java.net.InetAddress.getAllByName0(InetAddress.java:1276)
	at java.net.InetAddress.getAllByName(InetAddress.java:1192)
	at java.net.InetAddress.getAllByName(InetAddress.java:1126)
	at org.apache.zookeeper.client.StaticHostProvider.<init>(StaticHostProvider.java:61)
	at org.apache.zookeeper.ZooKeeper.<init>(ZooKeeper.java:445)
	at org.apache.curator.utils.DefaultZookeeperFactory.newZooKeeper(DefaultZookeeperFactory.java:29)
	at org.apache.curator.framework.imps.CuratorFrameworkImpl$2.newZooKeeper(CuratorFrameworkImpl.java:150)
	at org.apache.curator.HandleHolder$1.getZooKeeper(HandleHolder.java:94)
	at org.apache.curator.HandleHolder.getZooKeeper(HandleHolder.java:55)
	at org.apache.curator.ConnectionState.reset(ConnectionState.java:262)
	at org.apache.curator.ConnectionState.start(ConnectionState.java:109)
	at org.apache.curator.CuratorZookeeperClient.start(CuratorZookeeperClient.java:191)
	at org.apache.curator.framework.imps.CuratorFrameworkImpl.start(CuratorFrameworkImpl.java:259)
	at cn.followtry.zk.ZkClient.openSession(ZkClient.java:22)
	at cn.followtry.zk.ZkMainTest.main(ZkMainTest.java:15)
[--ERROR--] 2017-06-29 09:37:01,584 method:org.apache.curator.framework.recipes.cache.PathChildrenCache.handleException(PathChildrenCache.java:571)

java.lang.NullPointerException
	at cn.followtry.zk.listenter.ChildHandler.dealTask(ChildHandler.java:64)
	at cn.followtry.zk.listenter.ChildHandler.lambda$new$0(ChildHandler.java:50)
	at org.apache.curator.framework.recipes.cache.PathChildrenCache$5.apply(PathChildrenCache.java:522)
	at org.apache.curator.framework.recipes.cache.PathChildrenCache$5.apply(PathChildrenCache.java:516)
	at org.apache.curator.framework.listen.ListenerContainer$1.run(ListenerContainer.java:93)
	at org.apache.curator.shaded.com.google.common.util.concurrent.MoreExecutors$SameThreadExecutorService.execute(MoreExecutors.java:297)
	at org.apache.curator.framework.listen.ListenerContainer.forEach(ListenerContainer.java:85)
	at org.apache.curator.framework.recipes.cache.PathChildrenCache.callListeners(PathChildrenCache.java:514)
	at org.apache.curator.framework.recipes.cache.EventOperation.invoke(EventOperation.java:35)
	at org.apache.curator.framework.recipes.cache.PathChildrenCache$9.run(PathChildrenCache.java:773)
	at java.util.concurrent.Executors$RunnableAdapter.call(Executors.java:511)
	at java.util.concurrent.FutureTask.run(FutureTask.java:266)
	at java.util.concurrent.Executors$RunnableAdapter.call(Executors.java:511)
	at java.util.concurrent.FutureTask.run(FutureTask.java:266)
	at java.util.concurrent.ThreadPoolExecutor.runWorker(ThreadPoolExecutor.java:1142)
	at java.util.concurrent.ThreadPoolExecutor$Worker.run(ThreadPoolExecutor.java:617)
	at java.lang.Thread.run(Thread.java:748)
[--ERROR--] 2017-06-29 09:38:07,754 method:org.apache.curator.framework.recipes.cache.PathChildrenCache.handleException(PathChildrenCache.java:571)

java.lang.NullPointerException
	at cn.followtry.zk.listenter.ChildHandler.dealTask(ChildHandler.java:64)
	at cn.followtry.zk.listenter.ChildHandler.lambda$new$0(ChildHandler.java:50)
	at org.apache.curator.framework.recipes.cache.PathChildrenCache$5.apply(PathChildrenCache.java:522)
	at org.apache.curator.framework.recipes.cache.PathChildrenCache$5.apply(PathChildrenCache.java:516)
	at org.apache.curator.framework.listen.ListenerContainer$1.run(ListenerContainer.java:93)
	at org.apache.curator.shaded.com.google.common.util.concurrent.MoreExecutors$SameThreadExecutorService.execute(MoreExecutors.java:297)
	at org.apache.curator.framework.listen.ListenerContainer.forEach(ListenerContainer.java:85)
	at org.apache.curator.framework.recipes.cache.PathChildrenCache.callListeners(PathChildrenCache.java:514)
	at org.apache.curator.framework.recipes.cache.EventOperation.invoke(EventOperation.java:35)
	at org.apache.curator.framework.recipes.cache.PathChildrenCache$9.run(PathChildrenCache.java:773)
	at java.util.concurrent.Executors$RunnableAdapter.call(Executors.java:511)
	at java.util.concurrent.FutureTask.run(FutureTask.java:266)
	at java.util.concurrent.Executors$RunnableAdapter.call(Executors.java:511)
	at java.util.concurrent.FutureTask.run(FutureTask.java:266)
	at java.util.concurrent.ThreadPoolExecutor.runWorker(ThreadPoolExecutor.java:1142)
	at java.util.concurrent.ThreadPoolExecutor$Worker.run(ThreadPoolExecutor.java:617)
	at java.lang.Thread.run(Thread.java:748)
[--ERROR--] 2017-06-29 09:38:45,440 method:org.apache.curator.framework.recipes.cache.PathChildrenCache.handleException(PathChildrenCache.java:571)

java.lang.NullPointerException
	at cn.followtry.zk.listenter.ChildHandler.dealTask(ChildHandler.java:64)
	at cn.followtry.zk.listenter.ChildHandler.lambda$new$0(ChildHandler.java:50)
	at org.apache.curator.framework.recipes.cache.PathChildrenCache$5.apply(PathChildrenCache.java:522)
	at org.apache.curator.framework.recipes.cache.PathChildrenCache$5.apply(PathChildrenCache.java:516)
	at org.apache.curator.framework.listen.ListenerContainer$1.run(ListenerContainer.java:93)
	at org.apache.curator.shaded.com.google.common.util.concurrent.MoreExecutors$SameThreadExecutorService.execute(MoreExecutors.java:297)
	at org.apache.curator.framework.listen.ListenerContainer.forEach(ListenerContainer.java:85)
	at org.apache.curator.framework.recipes.cache.PathChildrenCache.callListeners(PathChildrenCache.java:514)
	at org.apache.curator.framework.recipes.cache.EventOperation.invoke(EventOperation.java:35)
	at org.apache.curator.framework.recipes.cache.PathChildrenCache$9.run(PathChildrenCache.java:773)
	at java.util.concurrent.Executors$RunnableAdapter.call(Executors.java:511)
	at java.util.concurrent.FutureTask.run(FutureTask.java:266)
	at java.util.concurrent.Executors$RunnableAdapter.call(Executors.java:511)
	at java.util.concurrent.FutureTask.run(FutureTask.java:266)
	at java.util.concurrent.ThreadPoolExecutor.runWorker(ThreadPoolExecutor.java:1142)
	at java.util.concurrent.ThreadPoolExecutor$Worker.run(ThreadPoolExecutor.java:617)
	at java.lang.Thread.run(Thread.java:748)
[--ERROR--] 2017-06-29 09:41:23,025 method:cn.followtry.zk.listenter.ChildHandler.dealTask(ChildHandler.java:67)
监控路径下数据为null
[--ERROR--] 2017-06-29 09:43:19,702 method:org.apache.curator.framework.recipes.cache.PathChildrenCache.handleException(PathChildrenCache.java:571)

java.lang.NullPointerException
	at java.lang.String.<init>(String.java:515)
	at cn.followtry.zk.listenter.ChildHandler.dealTask(ChildHandler.java:76)
	at cn.followtry.zk.listenter.ChildHandler.lambda$new$0(ChildHandler.java:33)
	at org.apache.curator.framework.recipes.cache.PathChildrenCache$5.apply(PathChildrenCache.java:522)
	at org.apache.curator.framework.recipes.cache.PathChildrenCache$5.apply(PathChildrenCache.java:516)
	at org.apache.curator.framework.listen.ListenerContainer$1.run(ListenerContainer.java:93)
	at org.apache.curator.shaded.com.google.common.util.concurrent.MoreExecutors$SameThreadExecutorService.execute(MoreExecutors.java:297)
	at org.apache.curator.framework.listen.ListenerContainer.forEach(ListenerContainer.java:85)
	at org.apache.curator.framework.recipes.cache.PathChildrenCache.callListeners(PathChildrenCache.java:514)
	at org.apache.curator.framework.recipes.cache.EventOperation.invoke(EventOperation.java:35)
	at org.apache.curator.framework.recipes.cache.PathChildrenCache$9.run(PathChildrenCache.java:773)
	at java.util.concurrent.Executors$RunnableAdapter.call(Executors.java:511)
	at java.util.concurrent.FutureTask.run(FutureTask.java:266)
	at java.util.concurrent.Executors$RunnableAdapter.call(Executors.java:511)
	at java.util.concurrent.FutureTask.run(FutureTask.java:266)
	at java.util.concurrent.ThreadPoolExecutor.runWorker(ThreadPoolExecutor.java:1142)
	at java.util.concurrent.ThreadPoolExecutor$Worker.run(ThreadPoolExecutor.java:617)
	at java.lang.Thread.run(Thread.java:748)
[--ERROR--] 2017-06-29 09:47:04,707 method:org.apache.curator.framework.recipes.cache.PathChildrenCache.handleException(PathChildrenCache.java:571)

java.lang.NullPointerException
	at java.lang.String.<init>(String.java:515)
	at cn.followtry.zk.listenter.ChildHandler.dealTask(ChildHandler.java:76)
	at cn.followtry.zk.listenter.ChildHandler.lambda$new$0(ChildHandler.java:33)
	at org.apache.curator.framework.recipes.cache.PathChildrenCache$5.apply(PathChildrenCache.java:522)
	at org.apache.curator.framework.recipes.cache.PathChildrenCache$5.apply(PathChildrenCache.java:516)
	at org.apache.curator.framework.listen.ListenerContainer$1.run(ListenerContainer.java:93)
	at org.apache.curator.shaded.com.google.common.util.concurrent.MoreExecutors$SameThreadExecutorService.execute(MoreExecutors.java:297)
	at org.apache.curator.framework.listen.ListenerContainer.forEach(ListenerContainer.java:85)
	at org.apache.curator.framework.recipes.cache.PathChildrenCache.callListeners(PathChildrenCache.java:514)
	at org.apache.curator.framework.recipes.cache.EventOperation.invoke(EventOperation.java:35)
	at org.apache.curator.framework.recipes.cache.PathChildrenCache$9.run(PathChildrenCache.java:773)
	at java.util.concurrent.Executors$RunnableAdapter.call(Executors.java:511)
	at java.util.concurrent.FutureTask.run(FutureTask.java:266)
	at java.util.concurrent.Executors$RunnableAdapter.call(Executors.java:511)
	at java.util.concurrent.FutureTask.run(FutureTask.java:266)
	at java.util.concurrent.ThreadPoolExecutor.runWorker(ThreadPoolExecutor.java:1142)
	at java.util.concurrent.ThreadPoolExecutor$Worker.run(ThreadPoolExecutor.java:617)
	at java.lang.Thread.run(Thread.java:748)
[--ERROR--] 2017-06-29 09:51:25,586 method:org.apache.curator.framework.recipes.cache.PathChildrenCache.handleException(PathChildrenCache.java:571)

java.lang.NullPointerException
	at java.lang.String.<init>(String.java:515)
	at cn.followtry.zk.listenter.ChildHandler.dealTask(ChildHandler.java:76)
	at cn.followtry.zk.listenter.ChildHandler.lambda$new$0(ChildHandler.java:33)
	at org.apache.curator.framework.recipes.cache.PathChildrenCache$5.apply(PathChildrenCache.java:522)
	at org.apache.curator.framework.recipes.cache.PathChildrenCache$5.apply(PathChildrenCache.java:516)
	at org.apache.curator.framework.listen.ListenerContainer$1.run(ListenerContainer.java:93)
	at org.apache.curator.shaded.com.google.common.util.concurrent.MoreExecutors$SameThreadExecutorService.execute(MoreExecutors.java:297)
	at org.apache.curator.framework.listen.ListenerContainer.forEach(ListenerContainer.java:85)
	at org.apache.curator.framework.recipes.cache.PathChildrenCache.callListeners(PathChildrenCache.java:514)
	at org.apache.curator.framework.recipes.cache.EventOperation.invoke(EventOperation.java:35)
	at org.apache.curator.framework.recipes.cache.PathChildrenCache$9.run(PathChildrenCache.java:773)
	at java.util.concurrent.Executors$RunnableAdapter.call(Executors.java:511)
	at java.util.concurrent.FutureTask.run(FutureTask.java:266)
	at java.util.concurrent.Executors$RunnableAdapter.call(Executors.java:511)
	at java.util.concurrent.FutureTask.run(FutureTask.java:266)
	at java.util.concurrent.ThreadPoolExecutor.runWorker(ThreadPoolExecutor.java:1142)
	at java.util.concurrent.ThreadPoolExecutor$Worker.run(ThreadPoolExecutor.java:617)
	at java.lang.Thread.run(Thread.java:748)
[--ERROR--] 2017-06-29 09:58:12,387 method:cn.followtry.zk.listenter.ChildHandler.dealTask(ChildHandler.java:69)
监控路径下数据为null
[--ERROR--] 2017-06-29 09:59:45,036 method:cn.followtry.zk.listenter.ChildHandler.dealTask(ChildHandler.java:69)
监控路径下数据为null
[--ERROR--] 2017-06-29 10:00:15,152 method:org.apache.curator.ConnectionState.checkTimeouts(ConnectionState.java:228)
Connection timed out for connection string (localhost:2181) and timeout (30000) / elapsed (30113)
org.apache.curator.CuratorConnectionLossException: KeeperErrorCode = ConnectionLoss
	at org.apache.curator.ConnectionState.checkTimeouts(ConnectionState.java:225)
	at org.apache.curator.ConnectionState.getZooKeeper(ConnectionState.java:94)
	at org.apache.curator.CuratorZookeeperClient.getZooKeeper(CuratorZookeeperClient.java:117)
	at org.apache.curator.framework.imps.CuratorFrameworkImpl.performBackgroundOperation(CuratorFrameworkImpl.java:835)
	at org.apache.curator.framework.imps.CuratorFrameworkImpl.backgroundOperationsLoop(CuratorFrameworkImpl.java:809)
	at org.apache.curator.framework.imps.CuratorFrameworkImpl.access$300(CuratorFrameworkImpl.java:64)
	at org.apache.curator.framework.imps.CuratorFrameworkImpl$4.call(CuratorFrameworkImpl.java:267)
	at java.util.concurrent.FutureTask.run(FutureTask.java:266)
	at java.util.concurrent.ScheduledThreadPoolExecutor$ScheduledFutureTask.access$201(ScheduledThreadPoolExecutor.java:180)
	at java.util.concurrent.ScheduledThreadPoolExecutor$ScheduledFutureTask.run(ScheduledThreadPoolExecutor.java:293)
	at java.util.concurrent.ThreadPoolExecutor.runWorker(ThreadPoolExecutor.java:1142)
	at java.util.concurrent.ThreadPoolExecutor$Worker.run(ThreadPoolExecutor.java:617)
	at java.lang.Thread.run(Thread.java:748)
[--ERROR--] 2017-06-29 10:00:15,153 method:org.apache.curator.ConnectionState.checkTimeouts(ConnectionState.java:228)
Connection timed out for connection string (localhost:2181) and timeout (30000) / elapsed (30118)
org.apache.curator.CuratorConnectionLossException: KeeperErrorCode = ConnectionLoss
	at org.apache.curator.ConnectionState.checkTimeouts(ConnectionState.java:225)
	at org.apache.curator.ConnectionState.getZooKeeper(ConnectionState.java:94)
	at org.apache.curator.CuratorZookeeperClient.getZooKeeper(CuratorZookeeperClient.java:117)
	at org.apache.curator.framework.imps.CuratorFrameworkImpl.performBackgroundOperation(CuratorFrameworkImpl.java:835)
	at org.apache.curator.framework.imps.CuratorFrameworkImpl.backgroundOperationsLoop(CuratorFrameworkImpl.java:809)
	at org.apache.curator.framework.imps.CuratorFrameworkImpl.access$300(CuratorFrameworkImpl.java:64)
	at org.apache.curator.framework.imps.CuratorFrameworkImpl$4.call(CuratorFrameworkImpl.java:267)
	at java.util.concurrent.FutureTask.run(FutureTask.java:266)
	at java.util.concurrent.ScheduledThreadPoolExecutor$ScheduledFutureTask.access$201(ScheduledThreadPoolExecutor.java:180)
	at java.util.concurrent.ScheduledThreadPoolExecutor$ScheduledFutureTask.run(ScheduledThreadPoolExecutor.java:293)
	at java.util.concurrent.ThreadPoolExecutor.runWorker(ThreadPoolExecutor.java:1142)
	at java.util.concurrent.ThreadPoolExecutor$Worker.run(ThreadPoolExecutor.java:617)
	at java.lang.Thread.run(Thread.java:748)
[--ERROR--] 2017-06-29 10:00:21,492 method:org.apache.curator.ConnectionState.checkTimeouts(ConnectionState.java:228)
Connection timed out for connection string (localhost:2181) and timeout (30000) / elapsed (36457)
org.apache.curator.CuratorConnectionLossException: KeeperErrorCode = ConnectionLoss
	at org.apache.curator.ConnectionState.checkTimeouts(ConnectionState.java:225)
	at org.apache.curator.ConnectionState.getZooKeeper(ConnectionState.java:94)
	at org.apache.curator.CuratorZookeeperClient.getZooKeeper(CuratorZookeeperClient.java:117)
	at org.apache.curator.framework.imps.CuratorFrameworkImpl.performBackgroundOperation(CuratorFrameworkImpl.java:835)
	at org.apache.curator.framework.imps.CuratorFrameworkImpl.processBackgroundOperation(CuratorFrameworkImpl.java:507)
	at org.apache.curator.framework.imps.GetChildrenBuilderImpl.forPath(GetChildrenBuilderImpl.java:203)
	at org.apache.curator.framework.imps.GetChildrenBuilderImpl.forPath(GetChildrenBuilderImpl.java:40)
	at org.apache.curator.framework.recipes.cache.PathChildrenCache.refresh(PathChildrenCache.java:508)
	at org.apache.curator.framework.recipes.cache.RefreshOperation.invoke(RefreshOperation.java:35)
	at org.apache.curator.framework.recipes.cache.PathChildrenCache$9.run(PathChildrenCache.java:773)
	at java.util.concurrent.Executors$RunnableAdapter.call(Executors.java:511)
	at java.util.concurrent.FutureTask.run(FutureTask.java:266)
	at java.util.concurrent.Executors$RunnableAdapter.call(Executors.java:511)
	at java.util.concurrent.FutureTask.run(FutureTask.java:266)
	at java.util.concurrent.ThreadPoolExecutor.runWorker(ThreadPoolExecutor.java:1142)
	at java.util.concurrent.ThreadPoolExecutor$Worker.run(ThreadPoolExecutor.java:617)
	at java.lang.Thread.run(Thread.java:748)
[--ERROR--] 2017-06-29 10:00:21,493 method:cn.followtry.zk.listenter.ChildHandler.dealTask(ChildHandler.java:69)
监控路径下数据为null
[--ERROR--] 2017-06-29 10:00:21,499 method:cn.followtry.zk.listenter.ChildHandler.dealTask(ChildHandler.java:69)
监控路径下数据为null
[--ERROR--] 2017-06-29 10:01:30,719 method:cn.followtry.zk.listenter.ChildHandler.dealTask(ChildHandler.java:69)
监控路径下数据为null
[--ERROR--] 2017-06-29 10:01:41,921 method:cn.followtry.zk.listenter.ChildHandler.dealTask(ChildHandler.java:69)
监控路径下数据为null
[--ERROR--] 2017-06-29 10:01:57,475 method:cn.followtry.zk.listenter.ChildHandler.dealTask(ChildHandler.java:70)
监控路径下数据为null
[--ERROR--] 2017-06-29 10:02:44,942 method:cn.followtry.zk.listenter.ChildHandler.dealTask(ChildHandler.java:70)
监控路径下数据为null
[--ERROR--] 2017-06-29 10:02:52,420 method:cn.followtry.zk.listenter.ChildHandler.dealTask(ChildHandler.java:70)
监控路径下数据为null
[--ERROR--] 2017-06-29 10:03:31,596 method:cn.followtry.zk.listenter.ChildHandler.dealTask(ChildHandler.java:70)
监控路径下数据为null
[--ERROR--] 2017-06-29 10:03:52,498 method:cn.followtry.zk.listenter.ChildHandler.dealTask(ChildHandler.java:70)
监控路径下数据为null
[--ERROR--] 2017-06-29 10:05:42,130 method:cn.followtry.zk.listenter.ChildHandler.dealTask(ChildHandler.java:70)
监控路径下数据为null
[--ERROR--] 2017-06-29 10:07:32,699 method:cn.followtry.zk.listenter.ChildHandler.dealTask(ChildHandler.java:70)
监控路径下数据为null
[--ERROR--] 2017-06-29 10:07:33,196 method:cn.followtry.zk.listenter.ChildHandler.dealTask(ChildHandler.java:70)
监控路径下数据为null
[--ERROR--] 2017-06-29 10:08:16,077 method:cn.followtry.zk.listenter.ChildHandler.dealTask(ChildHandler.java:70)
监控路径下数据为null
[--ERROR--] 2017-06-29 10:08:18,496 method:cn.followtry.zk.listenter.ChildHandler.dealTask(ChildHandler.java:70)
监控路径下数据为null
[--ERROR--] 2017-06-29 10:12:13,303 method:cn.followtry.zk.listenter.ChildHandler.dealTask(ChildHandler.java:70)
监控路径下数据为null
[--ERROR--] 2017-06-29 10:12:28,602 method:cn.followtry.zk.listenter.ChildHandler.dealTask(ChildHandler.java:70)
监控路径下数据为null
